<testsuite failures="0" name="src/test/java/pensionatapigee/pensionatGetTokenApigee.feature" skipped="0" tests="1" time="1.436337">
  <testcase classname="src.test.java.pensionatapigee.pensionatGetTokenApigee" name="Get Token" time="1.436337">
    <system-out>* def requestToken = ...................................................... passed
Given url 'https://api.qa.profuturo.mx/oauth2/token' ...................... passed
And header Content-Type = 'application/x-www-form-urlencoded' ............. passed
And form fields requestToken .............................................. passed
When method POST .......................................................... passed
Then status 200 ........................................................... passed
Then print 'Response: ',response .......................................... passed
* def getToken = response.access_token .................................... passed
Then print 'Token: ',getToken ............................................. passed</system-out>
  </testcase>
</testsuite>
